<?xml version="1.0" encoding="UTF-8"?>
<testsuite name="de.hsmainz.iiwa.testing.unit.core.TimersTest" tests="4" skipped="0" failures="0" errors="0" timestamp="2018-11-22T11:10:27" hostname="clt-xr-wa-03" time="4.015">
  <properties/>
  <testcase name="perform_timed_cancel" classname="de.hsmainz.iiwa.testing.unit.core.TimersTest" time="1.003"/>
  <testcase name="perform" classname="de.hsmainz.iiwa.testing.unit.core.TimersTest" time="1.003"/>
  <testcase name="automatedTimeoutEvent" classname="de.hsmainz.iiwa.testing.unit.core.TimersTest" time="1.004"/>
  <testcase name="perform_dual_future" classname="de.hsmainz.iiwa.testing.unit.core.TimersTest" time="1.004"/>
  <system-out><![CDATA[12:10:27.066 [pool-18-thread-2] INFO de.hsmainz.iiwa.core.threads.ThreadPool - ThreadPoolJob started, id: 1527038594
12:10:27.066 [pool-18-thread-1] INFO de.hsmainz.iiwa.core.threads.ThreadPool - ThreadPoolJob started, id: 490592630
12:10:27.066 [pool-18-thread-7] INFO de.hsmainz.iiwa.core.threads.ThreadPool - ThreadPoolJob started, id: 1809979965
12:10:27.066 [pool-18-thread-3] INFO de.hsmainz.iiwa.core.threads.ThreadPool - ThreadPoolJob started, id: 256133458
hello there
12:10:27.066 [pool-18-thread-5] INFO de.hsmainz.iiwa.core.threads.ThreadPool - ThreadPoolJob started, id: 1600146692
12:10:27.066 [pool-18-thread-3] INFO de.hsmainz.iiwa.core.threads.ThreadPool - ThreadPoolJob finished, id: 256133458
Hello! 
12:10:27.066 [pool-18-thread-4] INFO de.hsmainz.iiwa.core.threads.ThreadPool - ThreadPoolJob started, id: -2093614780
12:10:27.066 [pool-18-thread-2] INFO de.hsmainz.iiwa.core.threads.ThreadPool - ThreadPoolJob finished, id: 1527038594
12:10:27.066 [pool-18-thread-6] INFO de.hsmainz.iiwa.core.threads.ThreadPool - ThreadPoolJob started, id: -208565402
12:10:27.067 [pool-18-thread-2] INFO de.hsmainz.iiwa.core.threads.ThreadPool - ThreadPoolJob started, id: 1701591602
12:10:27.066 [pool-18-thread-8] INFO de.hsmainz.iiwa.core.threads.ThreadPool - ThreadPoolJob started, id: 1079351955
12:10:27.066 [pool-18-thread-1] DEBUG de.hsmainz.iiwa.core.threads.ThreadPool - New Thread registered, num: 44
12:10:27.066 [pool-18-thread-3] INFO de.hsmainz.iiwa.core.threads.ThreadPool - ThreadPoolJob started, id: 1870098838
12:10:27.066 [pool-18-thread-4] INFO de.hsmainz.iiwa.core.threads.ThreadPool - ThreadPoolJob finished, id: -2093614780
12:10:27.067 [pool-18-thread-5] DEBUG de.hsmainz.iiwa.core.threads.ThreadPool - New Thread registered, num: 45
12:10:27.067 [pool-18-thread-4] INFO de.hsmainz.iiwa.core.threads.ThreadPool - ThreadPoolJob started, id: -1827685432
12:10:27.067 [pool-18-thread-5] INFO de.hsmainz.iiwa.core.threads.ThreadPool - ThreadPoolJob finished, id: 1600146692
12:10:27.067 [pool-18-thread-5] INFO de.hsmainz.iiwa.core.threads.ThreadPool - ThreadPoolJob started, id: 700314363
it happened
12:10:27.174 [pool-18-thread-4] INFO de.hsmainz.iiwa.core.threads.ThreadPool - ThreadPoolJob finished, id: -1827685432
12:10:27.174 [pool-18-thread-4] INFO de.hsmainz.iiwa.core.threads.ThreadPool - ThreadPoolJob started, id: -1259554064
12:10:27.195 [pool-18-thread-7] INFO de.hsmainz.iiwa.core.threads.ThreadPool - ThreadPoolJob finished, id: 1809979965
12:10:27.195 [pool-18-thread-7] INFO de.hsmainz.iiwa.core.threads.ThreadPool - ThreadPoolJob started, id: 213159794
12:10:27.225 [pool-18-thread-2] INFO de.hsmainz.iiwa.core.threads.ThreadPool - ThreadPoolJob finished, id: 1701591602
12:10:27.225 [pool-18-thread-2] INFO de.hsmainz.iiwa.core.threads.ThreadPool - ThreadPoolJob started, id: 1784048195
12:10:27.235 [pool-18-thread-3] INFO de.hsmainz.iiwa.core.threads.ThreadPool - ThreadPoolJob finished, id: 1870098838
12:10:27.235 [pool-18-thread-3] INFO de.hsmainz.iiwa.core.threads.ThreadPool - ThreadPoolJob started, id: -150442615
12:10:27.240 [pool-18-thread-8] INFO de.hsmainz.iiwa.core.threads.ThreadPool - ThreadPoolJob finished, id: 1079351955
12:10:27.240 [pool-18-thread-8] INFO de.hsmainz.iiwa.core.threads.ThreadPool - ThreadPoolJob started, id: -281427020
12:10:27.242 [pool-18-thread-6] INFO de.hsmainz.iiwa.core.threads.ThreadPool - ThreadPoolJob finished, id: -208565402
12:10:27.242 [pool-18-thread-6] INFO de.hsmainz.iiwa.core.threads.ThreadPool - ThreadPoolJob started, id: 1737637457
12:10:27.253 [pool-18-thread-5] INFO de.hsmainz.iiwa.core.threads.ThreadPool - ThreadPoolJob finished, id: 700314363
12:10:27.253 [pool-18-thread-5] INFO de.hsmainz.iiwa.core.threads.ThreadPool - ThreadPoolJob started, id: -1632114238
12:10:27.356 [pool-18-thread-7] INFO de.hsmainz.iiwa.core.threads.ThreadPool - ThreadPoolJob finished, id: 213159794
12:10:27.356 [pool-18-thread-7] INFO de.hsmainz.iiwa.core.threads.ThreadPool - ThreadPoolJob started, id: 1879439262
12:10:27.369 [pool-18-thread-4] INFO de.hsmainz.iiwa.core.threads.ThreadPool - ThreadPoolJob finished, id: -1259554064
12:10:27.369 [pool-18-thread-4] INFO de.hsmainz.iiwa.core.threads.ThreadPool - ThreadPoolJob started, id: 976479572
12:10:27.374 [pool-18-thread-6] INFO de.hsmainz.iiwa.core.threads.ThreadPool - ThreadPoolJob finished, id: 1737637457
12:10:27.374 [pool-18-thread-6] INFO de.hsmainz.iiwa.core.threads.ThreadPool - ThreadPoolJob started, id: 369784211
12:10:27.374 [pool-18-thread-6] INFO de.hsmainz.iiwa.core.threads.ThreadPool - ThreadPoolJob finished, id: 369784211
12:10:27.374 [pool-18-thread-6] INFO de.hsmainz.iiwa.core.threads.ThreadPool - ThreadPoolJob started, id: -1086497140
12:10:27.377 [pool-18-thread-5] INFO de.hsmainz.iiwa.core.threads.ThreadPool - ThreadPoolJob finished, id: -1632114238
12:10:27.377 [pool-18-thread-5] INFO de.hsmainz.iiwa.core.threads.ThreadPool - ThreadPoolJob started, id: 216059463
12:10:27.378 [pool-18-thread-8] INFO de.hsmainz.iiwa.core.threads.ThreadPool - ThreadPoolJob finished, id: -281427020
12:10:27.378 [pool-18-thread-8] INFO de.hsmainz.iiwa.core.threads.ThreadPool - ThreadPoolJob started, id: -266459243
12:10:27.378 [pool-18-thread-8] INFO de.hsmainz.iiwa.core.threads.ThreadPool - ThreadPoolJob finished, id: -266459243
12:10:27.386 [pool-18-thread-3] INFO de.hsmainz.iiwa.core.threads.ThreadPool - ThreadPoolJob finished, id: -150442615
12:10:27.413 [pool-18-thread-2] INFO de.hsmainz.iiwa.core.threads.ThreadPool - ThreadPoolJob finished, id: 1784048195
12:10:27.474 [pool-18-thread-6] INFO de.hsmainz.iiwa.core.threads.ThreadPool - ThreadPoolJob finished, id: -1086497140
12:10:27.477 [pool-18-thread-7] INFO de.hsmainz.iiwa.core.threads.ThreadPool - ThreadPoolJob finished, id: 1879439262
12:10:27.515 [pool-18-thread-4] INFO de.hsmainz.iiwa.core.threads.ThreadPool - ThreadPoolJob finished, id: 976479572
12:10:28.067 [pool-18-thread-5] INFO de.hsmainz.iiwa.core.threads.ThreadPool - ThreadPoolJob finished, id: 216059463
12:10:28.067 [pool-18-thread-1] INFO de.hsmainz.iiwa.core.threads.ThreadPool - ThreadPoolJob finished, id: 490592630
12:10:28.068 [pool-19-thread-1] INFO de.hsmainz.iiwa.core.threads.ThreadPool - ThreadPoolJob started, id: 490592630
12:10:28.069 [pool-18-thread-3] INFO de.hsmainz.iiwa.core.threads.ThreadPool - ThreadPoolJob started, id: 1701591602
12:10:28.069 [pool-18-thread-5] INFO de.hsmainz.iiwa.core.threads.ThreadPool - ThreadPoolJob started, id: 1784048195
12:10:28.068 [pool-19-thread-3] INFO de.hsmainz.iiwa.core.threads.ThreadPool - ThreadPoolJob started, id: 256133458
hello there
12:10:28.068 [pool-19-thread-2] INFO de.hsmainz.iiwa.core.threads.ThreadPool - ThreadPoolJob started, id: 1527038594
12:10:28.069 [pool-19-thread-3] INFO de.hsmainz.iiwa.core.threads.ThreadPool - ThreadPoolJob finished, id: 256133458
12:10:28.069 [pool-19-thread-3] INFO de.hsmainz.iiwa.core.threads.ThreadPool - ThreadPoolJob started, id: -281427020
12:10:28.069 [pool-19-thread-8] INFO de.hsmainz.iiwa.core.threads.ThreadPool - ThreadPoolJob started, id: 1079351955
12:10:28.069 [pool-19-thread-2] INFO de.hsmainz.iiwa.core.threads.ThreadPool - ThreadPoolJob finished, id: 1527038594
12:10:28.069 [pool-18-thread-8] INFO de.hsmainz.iiwa.core.threads.ThreadPool - ThreadPoolJob started, id: 1870098838
12:10:28.069 [pool-19-thread-2] INFO de.hsmainz.iiwa.core.threads.ThreadPool - ThreadPoolJob started, id: 1737637457
12:10:28.069 [pool-18-thread-2] INFO de.hsmainz.iiwa.core.threads.ThreadPool - ThreadPoolJob started, id: -1827685432
12:10:28.069 [pool-18-thread-6] INFO de.hsmainz.iiwa.core.threads.ThreadPool - ThreadPoolJob started, id: 700314363
12:10:28.069 [pool-19-thread-5] INFO de.hsmainz.iiwa.core.threads.ThreadPool - ThreadPoolJob started, id: 1600146692
12:10:28.069 [pool-18-thread-7] INFO de.hsmainz.iiwa.core.threads.ThreadPool - ThreadPoolJob started, id: -1259554064
Hello! 
12:10:28.068 [pool-19-thread-4] INFO de.hsmainz.iiwa.core.threads.ThreadPool - ThreadPoolJob started, id: -2093614780
12:10:28.069 [pool-18-thread-4] INFO de.hsmainz.iiwa.core.threads.ThreadPool - ThreadPoolJob started, id: 213159794
12:10:28.069 [pool-18-thread-1] INFO de.hsmainz.iiwa.core.threads.ThreadPool - ThreadPoolJob started, id: -150442615
12:10:28.069 [pool-19-thread-1] DEBUG de.hsmainz.iiwa.core.threads.ThreadPool - New Thread registered, num: 46
12:10:28.069 [pool-19-thread-6] INFO de.hsmainz.iiwa.core.threads.ThreadPool - ThreadPoolJob started, id: -208565402
12:10:28.069 [pool-19-thread-7] INFO de.hsmainz.iiwa.core.threads.ThreadPool - ThreadPoolJob started, id: 1809979965
12:10:28.070 [pool-19-thread-4] INFO de.hsmainz.iiwa.core.threads.ThreadPool - ThreadPoolJob finished, id: -2093614780
12:10:28.070 [pool-19-thread-5] DEBUG de.hsmainz.iiwa.core.threads.ThreadPool - New Thread registered, num: 47
12:10:28.070 [pool-19-thread-4] INFO de.hsmainz.iiwa.core.threads.ThreadPool - ThreadPoolJob started, id: -1632114238
12:10:28.070 [pool-19-thread-5] INFO de.hsmainz.iiwa.core.threads.ThreadPool - ThreadPoolJob finished, id: 1600146692
12:10:28.070 [pool-19-thread-5] INFO de.hsmainz.iiwa.core.threads.ThreadPool - ThreadPoolJob started, id: 1879439262
12:10:28.177 [pool-18-thread-2] INFO de.hsmainz.iiwa.core.threads.ThreadPool - ThreadPoolJob finished, id: -1827685432
12:10:28.177 [pool-18-thread-2] INFO de.hsmainz.iiwa.core.threads.ThreadPool - ThreadPoolJob started, id: 976479572
12:10:28.191 [pool-19-thread-5] INFO de.hsmainz.iiwa.core.threads.ThreadPool - ThreadPoolJob finished, id: 1879439262
12:10:28.191 [pool-19-thread-5] INFO de.hsmainz.iiwa.core.threads.ThreadPool - ThreadPoolJob started, id: 369784211
12:10:28.191 [pool-19-thread-5] INFO de.hsmainz.iiwa.core.threads.ThreadPool - ThreadPoolJob finished, id: 369784211
12:10:28.191 [pool-19-thread-5] INFO de.hsmainz.iiwa.core.threads.ThreadPool - ThreadPoolJob started, id: -1086497140
12:10:28.195 [pool-19-thread-4] INFO de.hsmainz.iiwa.core.threads.ThreadPool - ThreadPoolJob finished, id: -1632114238
12:10:28.195 [pool-19-thread-4] INFO de.hsmainz.iiwa.core.threads.ThreadPool - ThreadPoolJob started, id: -933488556
12:10:28.199 [pool-19-thread-7] INFO de.hsmainz.iiwa.core.threads.ThreadPool - ThreadPoolJob finished, id: 1809979965
12:10:28.199 [pool-19-thread-7] INFO de.hsmainz.iiwa.core.threads.ThreadPool - ThreadPoolJob started, id: 1057286255
12:10:28.200 [pool-19-thread-7] INFO de.hsmainz.iiwa.core.threads.ThreadPool - ThreadPoolJob finished, id: 1057286255
12:10:28.202 [pool-19-thread-2] INFO de.hsmainz.iiwa.core.threads.ThreadPool - ThreadPoolJob finished, id: 1737637457
12:10:28.208 [pool-19-thread-3] INFO de.hsmainz.iiwa.core.threads.ThreadPool - ThreadPoolJob finished, id: -281427020
12:10:28.222 [pool-18-thread-1] INFO de.hsmainz.iiwa.core.threads.ThreadPool - ThreadPoolJob finished, id: -150442615
12:10:28.227 [pool-18-thread-3] INFO de.hsmainz.iiwa.core.threads.ThreadPool - ThreadPoolJob finished, id: 1701591602
12:10:28.231 [pool-18-thread-4] INFO de.hsmainz.iiwa.core.threads.ThreadPool - ThreadPoolJob finished, id: 213159794
12:10:28.238 [pool-18-thread-8] INFO de.hsmainz.iiwa.core.threads.ThreadPool - ThreadPoolJob finished, id: 1870098838
12:10:28.242 [pool-19-thread-8] INFO de.hsmainz.iiwa.core.threads.ThreadPool - ThreadPoolJob finished, id: 1079351955
12:10:28.246 [pool-19-thread-6] INFO de.hsmainz.iiwa.core.threads.ThreadPool - ThreadPoolJob finished, id: -208565402
12:10:28.256 [pool-18-thread-6] INFO de.hsmainz.iiwa.core.threads.ThreadPool - ThreadPoolJob finished, id: 700314363
12:10:28.258 [pool-18-thread-5] INFO de.hsmainz.iiwa.core.threads.ThreadPool - ThreadPoolJob finished, id: 1784048195
12:10:28.265 [pool-18-thread-7] INFO de.hsmainz.iiwa.core.threads.ThreadPool - ThreadPoolJob finished, id: -1259554064
12:10:28.291 [pool-19-thread-5] INFO de.hsmainz.iiwa.core.threads.ThreadPool - ThreadPoolJob finished, id: -1086497140
12:10:28.322 [pool-18-thread-2] INFO de.hsmainz.iiwa.core.threads.ThreadPool - ThreadPoolJob finished, id: 976479572
12:10:29.071 [pool-19-thread-4] INFO de.hsmainz.iiwa.core.threads.ThreadPool - ThreadPoolJob finished, id: -933488556
12:10:29.071 [pool-19-thread-1] INFO de.hsmainz.iiwa.core.threads.ThreadPool - ThreadPoolJob finished, id: 490592630
12:10:29.072 [pool-20-thread-2] INFO de.hsmainz.iiwa.core.threads.ThreadPool - ThreadPoolJob started, id: 1527038594
12:10:29.073 [pool-20-thread-1] INFO de.hsmainz.iiwa.core.threads.ThreadPool - ThreadPoolJob started, id: 490592630
12:10:29.073 [pool-20-thread-2] INFO de.hsmainz.iiwa.core.threads.ThreadPool - ThreadPoolJob finished, id: 1527038594
12:10:29.073 [pool-20-thread-1] DEBUG de.hsmainz.iiwa.core.threads.ThreadPool - New Thread registered, num: 48
12:10:29.073 [pool-20-thread-4] INFO de.hsmainz.iiwa.core.threads.ThreadPool - ThreadPoolJob started, id: -2093614780
12:10:29.073 [pool-20-thread-3] INFO de.hsmainz.iiwa.core.threads.ThreadPool - ThreadPoolJob started, id: 256133458
12:10:29.073 [pool-19-thread-7] INFO de.hsmainz.iiwa.core.threads.ThreadPool - ThreadPoolJob started, id: 690169605
hello there
12:10:29.073 [pool-19-thread-2] INFO de.hsmainz.iiwa.core.threads.ThreadPool - ThreadPoolJob started, id: 1870098838
12:10:29.074 [pool-20-thread-3] INFO de.hsmainz.iiwa.core.threads.ThreadPool - ThreadPoolJob finished, id: 256133458
12:10:29.074 [pool-18-thread-8] INFO de.hsmainz.iiwa.core.threads.ThreadPool - ThreadPoolJob started, id: 213159794
12:10:29.073 [pool-18-thread-1] INFO de.hsmainz.iiwa.core.threads.ThreadPool - ThreadPoolJob started, id: -1827685432
12:10:29.074 [pool-18-thread-7] INFO de.hsmainz.iiwa.core.threads.ThreadPool - ThreadPoolJob started, id: 1879439262
12:10:29.074 [pool-18-thread-2] INFO de.hsmainz.iiwa.core.threads.ThreadPool - ThreadPoolJob started, id: 369784211
12:10:29.073 [pool-19-thread-3] INFO de.hsmainz.iiwa.core.threads.ThreadPool - ThreadPoolJob started, id: 1701591602
12:10:29.074 [pool-18-thread-2] INFO de.hsmainz.iiwa.core.threads.ThreadPool - ThreadPoolJob finished, id: 369784211
12:10:29.074 [pool-20-thread-4] INFO de.hsmainz.iiwa.core.threads.ThreadPool - ThreadPoolJob finished, id: -2093614780
12:10:29.074 [pool-20-thread-6] INFO de.hsmainz.iiwa.core.threads.ThreadPool - ThreadPoolJob started, id: -208565402
12:10:29.073 [pool-20-thread-5] INFO de.hsmainz.iiwa.core.threads.ThreadPool - ThreadPoolJob started, id: 1600146692
12:10:29.074 [pool-18-thread-4] INFO de.hsmainz.iiwa.core.threads.ThreadPool - ThreadPoolJob started, id: -1259554064
Hello! 
12:10:29.074 [pool-18-thread-3] INFO de.hsmainz.iiwa.core.threads.ThreadPool - ThreadPoolJob started, id: 700314363
12:10:29.074 [pool-19-thread-8] INFO de.hsmainz.iiwa.core.threads.ThreadPool - ThreadPoolJob started, id: 1784048195
12:10:29.074 [pool-20-thread-5] DEBUG de.hsmainz.iiwa.core.threads.ThreadPool - New Thread registered, num: 49
12:10:29.074 [pool-19-thread-6] INFO de.hsmainz.iiwa.core.threads.ThreadPool - ThreadPoolJob started, id: -150442615
12:10:29.074 [pool-18-thread-6] INFO de.hsmainz.iiwa.core.threads.ThreadPool - ThreadPoolJob started, id: -281427020
12:10:29.074 [pool-20-thread-7] INFO de.hsmainz.iiwa.core.threads.ThreadPool - ThreadPoolJob started, id: 1809979965
12:10:29.074 [pool-20-thread-3] INFO de.hsmainz.iiwa.core.threads.ThreadPool - ThreadPoolJob started, id: 1737637457
12:10:29.074 [pool-20-thread-8] INFO de.hsmainz.iiwa.core.threads.ThreadPool - ThreadPoolJob started, id: 1079351955
12:10:29.074 [pool-18-thread-5] INFO de.hsmainz.iiwa.core.threads.ThreadPool - ThreadPoolJob started, id: -1632114238
12:10:29.074 [pool-19-thread-5] INFO de.hsmainz.iiwa.core.threads.ThreadPool - ThreadPoolJob started, id: 976479572
12:10:29.074 [pool-19-thread-4] INFO de.hsmainz.iiwa.core.threads.ThreadPool - ThreadPoolJob started, id: -1086497140
12:10:29.074 [pool-20-thread-5] INFO de.hsmainz.iiwa.core.threads.ThreadPool - ThreadPoolJob finished, id: 1600146692
12:10:29.074 [pool-20-thread-2] INFO de.hsmainz.iiwa.core.threads.ThreadPool - ThreadPoolJob started, id: -2145949254
12:10:29.075 [pool-20-thread-2] INFO de.hsmainz.iiwa.core.threads.ThreadPool - ThreadPoolJob finished, id: -2145949254
12:10:29.174 [pool-19-thread-4] INFO de.hsmainz.iiwa.core.threads.ThreadPool - ThreadPoolJob finished, id: -1086497140
12:10:29.182 [pool-18-thread-1] INFO de.hsmainz.iiwa.core.threads.ThreadPool - ThreadPoolJob finished, id: -1827685432
12:10:29.195 [pool-18-thread-7] INFO de.hsmainz.iiwa.core.threads.ThreadPool - ThreadPoolJob finished, id: 1879439262
12:10:29.199 [pool-18-thread-5] INFO de.hsmainz.iiwa.core.threads.ThreadPool - ThreadPoolJob finished, id: -1632114238
12:10:29.203 [pool-20-thread-7] INFO de.hsmainz.iiwa.core.threads.ThreadPool - ThreadPoolJob finished, id: 1809979965
12:10:29.207 [pool-20-thread-3] INFO de.hsmainz.iiwa.core.threads.ThreadPool - ThreadPoolJob finished, id: 1737637457
12:10:29.213 [pool-18-thread-6] INFO de.hsmainz.iiwa.core.threads.ThreadPool - ThreadPoolJob finished, id: -281427020
12:10:29.220 [pool-19-thread-5] INFO de.hsmainz.iiwa.core.threads.ThreadPool - ThreadPoolJob finished, id: 976479572
12:10:29.226 [pool-19-thread-6] INFO de.hsmainz.iiwa.core.threads.ThreadPool - ThreadPoolJob finished, id: -150442615
12:10:29.232 [pool-19-thread-3] INFO de.hsmainz.iiwa.core.threads.ThreadPool - ThreadPoolJob finished, id: 1701591602
12:10:29.236 [pool-18-thread-8] INFO de.hsmainz.iiwa.core.threads.ThreadPool - ThreadPoolJob finished, id: 213159794
12:10:29.243 [pool-19-thread-2] INFO de.hsmainz.iiwa.core.threads.ThreadPool - ThreadPoolJob finished, id: 1870098838
12:10:29.247 [pool-20-thread-8] INFO de.hsmainz.iiwa.core.threads.ThreadPool - ThreadPoolJob finished, id: 1079351955
12:10:29.250 [pool-20-thread-6] INFO de.hsmainz.iiwa.core.threads.ThreadPool - ThreadPoolJob finished, id: -208565402
12:10:29.261 [pool-18-thread-3] INFO de.hsmainz.iiwa.core.threads.ThreadPool - ThreadPoolJob finished, id: 700314363
12:10:29.263 [pool-19-thread-8] INFO de.hsmainz.iiwa.core.threads.ThreadPool - ThreadPoolJob finished, id: 1784048195
12:10:29.270 [pool-18-thread-4] INFO de.hsmainz.iiwa.core.threads.ThreadPool - ThreadPoolJob finished, id: -1259554064
12:10:30.074 [pool-20-thread-1] INFO de.hsmainz.iiwa.core.threads.ThreadPool - ThreadPoolJob finished, id: 490592630
12:10:30.074 [pool-19-thread-7] INFO de.hsmainz.iiwa.core.threads.ThreadPool - ThreadPoolJob finished, id: 690169605
12:10:30.077 [pool-21-thread-2] INFO de.hsmainz.iiwa.core.threads.ThreadPool - ThreadPoolJob started, id: 1527038594
12:10:30.077 [pool-21-thread-3] INFO de.hsmainz.iiwa.core.threads.ThreadPool - ThreadPoolJob started, id: 256133458
12:10:30.077 [pool-19-thread-2] INFO de.hsmainz.iiwa.core.threads.ThreadPool - ThreadPoolJob started, id: 1879439262
12:10:30.077 [pool-21-thread-1] INFO de.hsmainz.iiwa.core.threads.ThreadPool - ThreadPoolJob started, id: 490592630
hello there
12:10:30.077 [pool-21-thread-2] INFO de.hsmainz.iiwa.core.threads.ThreadPool - ThreadPoolJob finished, id: 1527038594
12:10:30.077 [pool-19-thread-1] INFO de.hsmainz.iiwa.core.threads.ThreadPool - ThreadPoolJob started, id: 1870098838
12:10:30.077 [pool-18-thread-2] INFO de.hsmainz.iiwa.core.threads.ThreadPool - ThreadPoolJob started, id: 1701591602
12:10:30.077 [pool-19-thread-4] INFO de.hsmainz.iiwa.core.threads.ThreadPool - ThreadPoolJob started, id: -1827685432
12:10:30.077 [pool-21-thread-8] INFO de.hsmainz.iiwa.core.threads.ThreadPool - ThreadPoolJob started, id: 1079351955
12:10:30.077 [pool-18-thread-1] INFO de.hsmainz.iiwa.core.threads.ThreadPool - ThreadPoolJob started, id: 700314363
12:10:30.077 [pool-18-thread-7] INFO de.hsmainz.iiwa.core.threads.ThreadPool - ThreadPoolJob started, id: -1259554064
12:10:30.077 [pool-18-thread-5] INFO de.hsmainz.iiwa.core.threads.ThreadPool - ThreadPoolJob started, id: 213159794
12:10:30.077 [pool-18-thread-6] INFO de.hsmainz.iiwa.core.threads.ThreadPool - ThreadPoolJob started, id: 1784048195
12:10:30.077 [pool-19-thread-6] INFO de.hsmainz.iiwa.core.threads.ThreadPool - ThreadPoolJob started, id: -281427020
12:10:30.077 [pool-19-thread-5] INFO de.hsmainz.iiwa.core.threads.ThreadPool - ThreadPoolJob started, id: -150442615
12:10:30.077 [pool-21-thread-5] INFO de.hsmainz.iiwa.core.threads.ThreadPool - ThreadPoolJob started, id: 1600146692
12:10:30.077 [pool-19-thread-3] INFO de.hsmainz.iiwa.core.threads.ThreadPool - ThreadPoolJob started, id: 1737637457
Hello! 
12:10:30.077 [pool-18-thread-8] INFO de.hsmainz.iiwa.core.threads.ThreadPool - ThreadPoolJob started, id: -1632114238
12:10:30.077 [pool-18-thread-3] INFO de.hsmainz.iiwa.core.threads.ThreadPool - ThreadPoolJob started, id: 976479572
12:10:30.077 [pool-19-thread-8] INFO de.hsmainz.iiwa.core.threads.ThreadPool - ThreadPoolJob started, id: 369784211
12:10:30.077 [pool-18-thread-4] INFO de.hsmainz.iiwa.core.threads.ThreadPool - ThreadPoolJob started, id: -1086497140
12:10:30.077 [pool-21-thread-6] INFO de.hsmainz.iiwa.core.threads.ThreadPool - ThreadPoolJob started, id: -208565402
12:10:30.077 [pool-21-thread-1] DEBUG de.hsmainz.iiwa.core.threads.ThreadPool - New Thread registered, num: 50
12:10:30.077 [pool-21-thread-3] INFO de.hsmainz.iiwa.core.threads.ThreadPool - ThreadPoolJob finished, id: 256133458
12:10:30.078 [pool-21-thread-5] DEBUG de.hsmainz.iiwa.core.threads.ThreadPool - New Thread registered, num: 51
12:10:30.077 [pool-21-thread-4] INFO de.hsmainz.iiwa.core.threads.ThreadPool - ThreadPoolJob started, id: -2093614780
12:10:30.077 [pool-21-thread-7] INFO de.hsmainz.iiwa.core.threads.ThreadPool - ThreadPoolJob started, id: 1809979965
12:10:30.078 [pool-19-thread-8] INFO de.hsmainz.iiwa.core.threads.ThreadPool - ThreadPoolJob finished, id: 369784211
12:10:30.078 [pool-21-thread-5] INFO de.hsmainz.iiwa.core.threads.ThreadPool - ThreadPoolJob finished, id: 1600146692
12:10:30.078 [pool-19-thread-7] INFO de.hsmainz.iiwa.core.threads.ThreadPool - ThreadPoolJob started, id: 757102617
12:10:30.078 [pool-21-thread-2] INFO de.hsmainz.iiwa.core.threads.ThreadPool - ThreadPoolJob started, id: 2140326514
12:10:30.078 [pool-21-thread-4] INFO de.hsmainz.iiwa.core.threads.ThreadPool - ThreadPoolJob finished, id: -2093614780
12:10:30.078 [pool-21-thread-2] INFO de.hsmainz.iiwa.core.threads.ThreadPool - ThreadPoolJob finished, id: 2140326514
12:10:30.178 [pool-18-thread-4] INFO de.hsmainz.iiwa.core.threads.ThreadPool - ThreadPoolJob finished, id: -1086497140
12:10:30.184 [pool-19-thread-4] INFO de.hsmainz.iiwa.core.threads.ThreadPool - ThreadPoolJob finished, id: -1827685432
12:10:30.197 [pool-19-thread-2] INFO de.hsmainz.iiwa.core.threads.ThreadPool - ThreadPoolJob finished, id: 1879439262
12:10:30.202 [pool-18-thread-8] INFO de.hsmainz.iiwa.core.threads.ThreadPool - ThreadPoolJob finished, id: -1632114238
12:10:30.206 [pool-21-thread-7] INFO de.hsmainz.iiwa.core.threads.ThreadPool - ThreadPoolJob finished, id: 1809979965
12:10:30.210 [pool-19-thread-3] INFO de.hsmainz.iiwa.core.threads.ThreadPool - ThreadPoolJob finished, id: 1737637457
12:10:30.215 [pool-19-thread-6] INFO de.hsmainz.iiwa.core.threads.ThreadPool - ThreadPoolJob finished, id: -281427020
12:10:30.223 [pool-18-thread-3] INFO de.hsmainz.iiwa.core.threads.ThreadPool - ThreadPoolJob finished, id: 976479572
12:10:30.228 [pool-19-thread-5] INFO de.hsmainz.iiwa.core.threads.ThreadPool - ThreadPoolJob finished, id: -150442615
12:10:30.234 [pool-18-thread-2] INFO de.hsmainz.iiwa.core.threads.ThreadPool - ThreadPoolJob finished, id: 1701591602
12:10:30.238 [pool-18-thread-5] INFO de.hsmainz.iiwa.core.threads.ThreadPool - ThreadPoolJob finished, id: 213159794
12:10:30.245 [pool-19-thread-1] INFO de.hsmainz.iiwa.core.threads.ThreadPool - ThreadPoolJob finished, id: 1870098838
12:10:30.249 [pool-21-thread-8] INFO de.hsmainz.iiwa.core.threads.ThreadPool - ThreadPoolJob finished, id: 1079351955
12:10:30.253 [pool-21-thread-6] INFO de.hsmainz.iiwa.core.threads.ThreadPool - ThreadPoolJob finished, id: -208565402
12:10:30.263 [pool-18-thread-1] INFO de.hsmainz.iiwa.core.threads.ThreadPool - ThreadPoolJob finished, id: 700314363
12:10:30.265 [pool-18-thread-6] INFO de.hsmainz.iiwa.core.threads.ThreadPool - ThreadPoolJob finished, id: 1784048195
12:10:30.272 [pool-18-thread-7] INFO de.hsmainz.iiwa.core.threads.ThreadPool - ThreadPoolJob finished, id: -1259554064
12:10:31.079 [pool-21-thread-1] INFO de.hsmainz.iiwa.core.threads.ThreadPool - ThreadPoolJob finished, id: 490592630
12:10:31.079 [pool-19-thread-7] INFO de.hsmainz.iiwa.core.threads.ThreadPool - ThreadPoolJob finished, id: 757102617
]]></system-out>
  <system-err><![CDATA[]]></system-err>
</testsuite>
