<?xml version="1.0" encoding="UTF-8"?>
<testsuite name="de.hsmainz.iiwa.testing.unit.core.ThreadPoolTests" tests="7" skipped="0" failures="0" errors="0" timestamp="2018-11-22T11:10:20" hostname="clt-xr-wa-03" time="7.056">
  <properties/>
  <testcase name="should_exit_test" classname="de.hsmainz.iiwa.testing.unit.core.ThreadPoolTests" time="1.027"/>
  <testcase name="finished_test" classname="de.hsmainz.iiwa.testing.unit.core.ThreadPoolTests" time="1.003"/>
  <testcase name="thread_chain" classname="de.hsmainz.iiwa.testing.unit.core.ThreadPoolTests" time="1.004"/>
  <testcase name="factories_test" classname="de.hsmainz.iiwa.testing.unit.core.ThreadPoolTests" time="1.005"/>
  <testcase name="basic" classname="de.hsmainz.iiwa.testing.unit.core.ThreadPoolTests" time="1.005"/>
  <testcase name="LiteTest" classname="de.hsmainz.iiwa.testing.unit.core.ThreadPoolTests" time="1.005"/>
  <testcase name="post_before_start" classname="de.hsmainz.iiwa.testing.unit.core.ThreadPoolTests" time="1.006"/>
  <system-out><![CDATA[12:10:20.020 [Test worker] DEBUG de.hsmainz.iiwa.core.threads.ThreadPool - New Thread registered, num: 1
12:10:20.031 [pool-11-thread-1] INFO de.hsmainz.iiwa.core.threads.ThreadPool - ThreadPoolJob started, id: 490592630
12:10:20.032 [pool-11-thread-1] DEBUG de.hsmainz.iiwa.core.threads.ThreadPool - New Thread registered, num: 2
12:10:20.051 [pool-11-thread-2] INFO de.hsmainz.iiwa.core.threads.ThreadPool - ThreadPoolJob started, id: -1309262925
12:10:21.034 [pool-11-thread-2] INFO de.hsmainz.iiwa.core.threads.ThreadPool - ThreadPoolJob finished, id: -1309262925
12:10:21.034 [pool-11-thread-1] INFO de.hsmainz.iiwa.core.threads.ThreadPool - ThreadPoolJob finished, id: 490592630
12:10:21.035 [Test worker] DEBUG de.hsmainz.iiwa.core.threads.ThreadPool - New Thread registered, num: 3
12:10:21.036 [Test worker] DEBUG de.hsmainz.iiwa.core.threads.ThreadPool - New Thread registered, num: 4
12:10:21.036 [pool-12-thread-2] INFO de.hsmainz.iiwa.core.threads.ThreadPool - ThreadPoolJob started, id: 1527038594
12:10:21.036 [pool-12-thread-1] INFO de.hsmainz.iiwa.core.threads.ThreadPool - ThreadPoolJob started, id: 490592630
12:10:21.037 [pool-12-thread-2] INFO de.hsmainz.iiwa.core.threads.ThreadPool - ThreadPoolJob finished, id: 1527038594
12:10:21.037 [pool-12-thread-1] DEBUG de.hsmainz.iiwa.core.threads.ThreadPool - New Thread registered, num: 5
12:10:21.037 [pool-12-thread-3] INFO de.hsmainz.iiwa.core.threads.ThreadPool - ThreadPoolJob started, id: 256133458
hello there
12:10:21.037 [pool-12-thread-4] INFO de.hsmainz.iiwa.core.threads.ThreadPool - ThreadPoolJob started, id: 2024278878
12:10:21.037 [pool-12-thread-3] INFO de.hsmainz.iiwa.core.threads.ThreadPool - ThreadPoolJob finished, id: 256133458
12:10:22.038 [pool-12-thread-4] INFO de.hsmainz.iiwa.core.threads.ThreadPool - ThreadPoolJob finished, id: 2024278878
12:10:22.038 [pool-12-thread-1] INFO de.hsmainz.iiwa.core.threads.ThreadPool - ThreadPoolJob finished, id: 490592630
12:10:22.039 [Test worker] DEBUG de.hsmainz.iiwa.core.threads.ThreadPool - New Thread registered, num: 6
12:10:22.039 [pool-13-thread-1] INFO de.hsmainz.iiwa.core.threads.ThreadPool - ThreadPoolJob started, id: 490592630
12:10:22.039 [pool-13-thread-1] DEBUG de.hsmainz.iiwa.core.threads.ThreadPool - New Thread registered, num: 7
12:10:22.039 [pool-13-thread-2] INFO de.hsmainz.iiwa.core.threads.ThreadPool - ThreadPoolJob started, id: 1527038594
12:10:22.039 [pool-13-thread-3] INFO de.hsmainz.iiwa.core.threads.ThreadPool - ThreadPoolJob started, id: 256133458
hello there
12:10:22.039 [pool-13-thread-4] INFO de.hsmainz.iiwa.core.threads.ThreadPool - ThreadPoolJob started, id: -2093614780
12:10:22.040 [pool-13-thread-2] INFO de.hsmainz.iiwa.core.threads.ThreadPool - ThreadPoolJob finished, id: 1527038594
12:10:22.040 [pool-13-thread-3] INFO de.hsmainz.iiwa.core.threads.ThreadPool - ThreadPoolJob finished, id: 256133458
12:10:22.040 [pool-13-thread-5] INFO de.hsmainz.iiwa.core.threads.ThreadPool - ThreadPoolJob started, id: -1687815480
12:10:22.040 [pool-13-thread-4] DEBUG de.hsmainz.iiwa.core.threads.ThreadPool - New Thread registered, num: 8
12:10:22.040 [pool-13-thread-4] INFO de.hsmainz.iiwa.core.threads.ThreadPool - ThreadPoolJob finished, id: -2093614780
12:10:22.041 [pool-13-thread-6] INFO de.hsmainz.iiwa.core.threads.ThreadPool - ThreadPoolJob started, id: 2104546963
12:10:22.041 [pool-13-thread-6] DEBUG de.hsmainz.iiwa.core.threads.ThreadPool - New Thread registered, num: 9
12:10:22.041 [pool-13-thread-6] INFO de.hsmainz.iiwa.core.threads.ThreadPool - ThreadPoolJob finished, id: 2104546963
12:10:22.041 [pool-13-thread-7] INFO de.hsmainz.iiwa.core.threads.ThreadPool - ThreadPoolJob started, id: -547082670
12:10:22.041 [pool-13-thread-7] DEBUG de.hsmainz.iiwa.core.threads.ThreadPool - New Thread registered, num: 10
12:10:22.041 [pool-13-thread-7] INFO de.hsmainz.iiwa.core.threads.ThreadPool - ThreadPoolJob finished, id: -547082670
12:10:22.042 [pool-13-thread-8] INFO de.hsmainz.iiwa.core.threads.ThreadPool - ThreadPoolJob started, id: 1165799919
12:10:22.050 [pool-13-thread-8] DEBUG de.hsmainz.iiwa.core.threads.ThreadPool - New Thread registered, num: 11
12:10:22.050 [pool-13-thread-8] INFO de.hsmainz.iiwa.core.threads.ThreadPool - ThreadPoolJob finished, id: 1165799919
12:10:22.050 [pool-13-thread-2] INFO de.hsmainz.iiwa.core.threads.ThreadPool - ThreadPoolJob started, id: -693857176
12:10:22.050 [pool-13-thread-2] DEBUG de.hsmainz.iiwa.core.threads.ThreadPool - New Thread registered, num: 12
12:10:22.051 [pool-13-thread-2] INFO de.hsmainz.iiwa.core.threads.ThreadPool - ThreadPoolJob finished, id: -693857176
12:10:22.051 [pool-13-thread-3] INFO de.hsmainz.iiwa.core.threads.ThreadPool - ThreadPoolJob started, id: -701892591
12:10:22.052 [pool-13-thread-3] DEBUG de.hsmainz.iiwa.core.threads.ThreadPool - New Thread registered, num: 13
12:10:22.052 [pool-13-thread-3] INFO de.hsmainz.iiwa.core.threads.ThreadPool - ThreadPoolJob finished, id: -701892591
12:10:22.052 [pool-13-thread-4] INFO de.hsmainz.iiwa.core.threads.ThreadPool - ThreadPoolJob started, id: 429140980
12:10:22.052 [pool-13-thread-4] DEBUG de.hsmainz.iiwa.core.threads.ThreadPool - New Thread registered, num: 14
12:10:22.052 [pool-13-thread-6] INFO de.hsmainz.iiwa.core.threads.ThreadPool - ThreadPoolJob started, id: -499540745
12:10:22.052 [pool-13-thread-4] INFO de.hsmainz.iiwa.core.threads.ThreadPool - ThreadPoolJob finished, id: 429140980
12:10:22.052 [pool-13-thread-6] DEBUG de.hsmainz.iiwa.core.threads.ThreadPool - New Thread registered, num: 15
12:10:22.053 [pool-13-thread-6] INFO de.hsmainz.iiwa.core.threads.ThreadPool - ThreadPoolJob finished, id: -499540745
12:10:22.053 [pool-13-thread-7] INFO de.hsmainz.iiwa.core.threads.ThreadPool - ThreadPoolJob started, id: 1550431996
12:10:22.053 [pool-13-thread-7] DEBUG de.hsmainz.iiwa.core.threads.ThreadPool - New Thread registered, num: 16
12:10:22.053 [pool-13-thread-8] INFO de.hsmainz.iiwa.core.threads.ThreadPool - ThreadPoolJob started, id: 2123895970
12:10:22.053 [pool-13-thread-8] INFO de.hsmainz.iiwa.core.threads.ThreadPool - ThreadPoolJob finished, id: 2123895970
12:10:22.053 [pool-13-thread-7] INFO de.hsmainz.iiwa.core.threads.ThreadPool - ThreadPoolJob finished, id: 1550431996
12:10:23.040 [pool-13-thread-1] INFO de.hsmainz.iiwa.core.threads.ThreadPool - ThreadPoolJob finished, id: 490592630
12:10:23.040 [pool-13-thread-5] INFO de.hsmainz.iiwa.core.threads.ThreadPool - ThreadPoolJob finished, id: -1687815480
12:10:23.043 [Test worker] DEBUG de.hsmainz.iiwa.core.threads.ThreadPool - New Thread registered, num: 17
12:10:23.043 [pool-14-thread-1] INFO de.hsmainz.iiwa.core.threads.ThreadPool - ThreadPoolJob started, id: 490592630
12:10:23.043 [pool-14-thread-2] INFO de.hsmainz.iiwa.core.threads.ThreadPool - ThreadPoolJob started, id: 1527038594
12:10:23.043 [pool-14-thread-5] INFO de.hsmainz.iiwa.core.threads.ThreadPool - ThreadPoolJob started, id: 1600146692
12:10:23.044 [pool-14-thread-2] INFO de.hsmainz.iiwa.core.threads.ThreadPool - ThreadPoolJob finished, id: 1527038594
Hello! 
12:10:23.044 [pool-14-thread-4] INFO de.hsmainz.iiwa.core.threads.ThreadPool - ThreadPoolJob started, id: -2093614780
12:10:23.043 [pool-14-thread-3] INFO de.hsmainz.iiwa.core.threads.ThreadPool - ThreadPoolJob started, id: 256133458
hello there
12:10:23.044 [pool-14-thread-1] DEBUG de.hsmainz.iiwa.core.threads.ThreadPool - New Thread registered, num: 18
12:10:23.044 [pool-14-thread-4] INFO de.hsmainz.iiwa.core.threads.ThreadPool - ThreadPoolJob finished, id: -2093614780
12:10:23.044 [pool-14-thread-3] INFO de.hsmainz.iiwa.core.threads.ThreadPool - ThreadPoolJob finished, id: 256133458
12:10:23.045 [pool-14-thread-5] DEBUG de.hsmainz.iiwa.core.threads.ThreadPool - New Thread registered, num: 19
12:10:23.045 [pool-14-thread-6] INFO de.hsmainz.iiwa.core.threads.ThreadPool - ThreadPoolJob started, id: -474733182
12:10:23.045 [pool-14-thread-5] INFO de.hsmainz.iiwa.core.threads.ThreadPool - ThreadPoolJob finished, id: 1600146692
12:10:23.046 [pool-14-thread-7] INFO de.hsmainz.iiwa.core.threads.ThreadPool - ThreadPoolJob started, id: 501239862
12:10:23.046 [pool-14-thread-7] INFO de.hsmainz.iiwa.core.threads.ThreadPool - ThreadPoolJob finished, id: 501239862
12:10:24.046 [pool-14-thread-6] INFO de.hsmainz.iiwa.core.threads.ThreadPool - ThreadPoolJob finished, id: -474733182
Event Loop returned
12:10:24.046 [pool-14-thread-1] INFO de.hsmainz.iiwa.core.threads.ThreadPool - ThreadPoolJob finished, id: 490592630
12:10:24.048 [Test worker] DEBUG de.hsmainz.iiwa.core.threads.ThreadPool - New Thread registered, num: 20
12:10:24.049 [Test worker] DEBUG de.hsmainz.iiwa.core.threads.ThreadPool - New Thread registered, num: 21
12:10:24.049 [Test worker] DEBUG de.hsmainz.iiwa.core.threads.ThreadPool - New Thread registered, num: 22
12:10:24.049 [Test worker] DEBUG de.hsmainz.iiwa.core.threads.ThreadPool - New Thread registered, num: 23
12:10:24.049 [Test worker] DEBUG de.hsmainz.iiwa.core.threads.ThreadPool - New Thread registered, num: 24
12:10:24.049 [Test worker] DEBUG de.hsmainz.iiwa.core.threads.ThreadPool - New Thread registered, num: 25
12:10:24.049 [Test worker] DEBUG de.hsmainz.iiwa.core.threads.ThreadPool - New Thread registered, num: 26
12:10:24.049 [Test worker] DEBUG de.hsmainz.iiwa.core.threads.ThreadPool - New Thread registered, num: 27
12:10:24.049 [Test worker] DEBUG de.hsmainz.iiwa.core.threads.ThreadPool - New Thread registered, num: 28
12:10:24.049 [Test worker] DEBUG de.hsmainz.iiwa.core.threads.ThreadPool - New Thread registered, num: 29
12:10:24.049 [Test worker] DEBUG de.hsmainz.iiwa.core.threads.ThreadPool - New Thread registered, num: 30
12:10:24.049 [Test worker] DEBUG de.hsmainz.iiwa.core.threads.ThreadPool - New Thread registered, num: 31
12:10:24.050 [Test worker] DEBUG de.hsmainz.iiwa.core.threads.ThreadPool - New Thread registered, num: 32
12:10:24.050 [Test worker] DEBUG de.hsmainz.iiwa.core.threads.ThreadPool - New Thread registered, num: 33
12:10:24.050 [Test worker] DEBUG de.hsmainz.iiwa.core.threads.ThreadPool - New Thread registered, num: 34
12:10:24.050 [Test worker] DEBUG de.hsmainz.iiwa.core.threads.ThreadPool - New Thread registered, num: 35
12:10:24.050 [pool-15-thread-1] INFO de.hsmainz.iiwa.core.threads.ThreadPool - ThreadPoolJob started, id: 490592630
12:10:24.050 [pool-15-thread-2] INFO de.hsmainz.iiwa.core.threads.ThreadPool - ThreadPoolJob started, id: 1527038594
12:10:24.050 [pool-15-thread-1] DEBUG de.hsmainz.iiwa.core.threads.ThreadPool - New Thread registered, num: 36
12:10:24.051 [pool-15-thread-5] INFO de.hsmainz.iiwa.core.threads.ThreadPool - ThreadPoolJob started, id: 1600146692
12:10:24.051 [pool-15-thread-7] INFO de.hsmainz.iiwa.core.threads.ThreadPool - ThreadPoolJob started, id: 1809979965
Hello! 
12:10:24.051 [pool-15-thread-8] INFO de.hsmainz.iiwa.core.threads.ThreadPool - ThreadPoolJob started, id: 1079351955
12:10:24.051 [pool-15-thread-6] INFO de.hsmainz.iiwa.core.threads.ThreadPool - ThreadPoolJob started, id: -208565402
12:10:24.051 [pool-15-thread-2] INFO de.hsmainz.iiwa.core.threads.ThreadPool - ThreadPoolJob finished, id: 1527038594
12:10:24.050 [pool-15-thread-3] INFO de.hsmainz.iiwa.core.threads.ThreadPool - ThreadPoolJob started, id: 256133458
hello there
12:10:24.050 [pool-15-thread-4] INFO de.hsmainz.iiwa.core.threads.ThreadPool - ThreadPoolJob started, id: -2093614780
12:10:24.051 [pool-15-thread-5] DEBUG de.hsmainz.iiwa.core.threads.ThreadPool - New Thread registered, num: 37
12:10:24.051 [pool-15-thread-2] INFO de.hsmainz.iiwa.core.threads.ThreadPool - ThreadPoolJob started, id: 1870098838
12:10:24.051 [pool-15-thread-3] INFO de.hsmainz.iiwa.core.threads.ThreadPool - ThreadPoolJob finished, id: 256133458
12:10:24.051 [pool-15-thread-4] INFO de.hsmainz.iiwa.core.threads.ThreadPool - ThreadPoolJob finished, id: -2093614780
12:10:24.051 [pool-15-thread-5] INFO de.hsmainz.iiwa.core.threads.ThreadPool - ThreadPoolJob finished, id: 1600146692
12:10:24.051 [pool-15-thread-3] INFO de.hsmainz.iiwa.core.threads.ThreadPool - ThreadPoolJob started, id: 1701591602
12:10:24.051 [pool-15-thread-4] INFO de.hsmainz.iiwa.core.threads.ThreadPool - ThreadPoolJob started, id: -1827685432
12:10:24.051 [pool-15-thread-5] INFO de.hsmainz.iiwa.core.threads.ThreadPool - ThreadPoolJob started, id: 700314363
12:10:24.160 [pool-15-thread-4] INFO de.hsmainz.iiwa.core.threads.ThreadPool - ThreadPoolJob finished, id: -1827685432
12:10:24.160 [pool-15-thread-4] INFO de.hsmainz.iiwa.core.threads.ThreadPool - ThreadPoolJob started, id: -1259554064
12:10:24.179 [pool-15-thread-7] INFO de.hsmainz.iiwa.core.threads.ThreadPool - ThreadPoolJob finished, id: 1809979965
12:10:24.179 [pool-15-thread-7] INFO de.hsmainz.iiwa.core.threads.ThreadPool - ThreadPoolJob started, id: 213159794
12:10:24.210 [pool-15-thread-3] INFO de.hsmainz.iiwa.core.threads.ThreadPool - ThreadPoolJob finished, id: 1701591602
12:10:24.210 [pool-15-thread-3] INFO de.hsmainz.iiwa.core.threads.ThreadPool - ThreadPoolJob started, id: 1784048195
12:10:24.220 [pool-15-thread-2] INFO de.hsmainz.iiwa.core.threads.ThreadPool - ThreadPoolJob finished, id: 1870098838
12:10:24.220 [pool-15-thread-2] INFO de.hsmainz.iiwa.core.threads.ThreadPool - ThreadPoolJob started, id: -150442615
12:10:24.224 [pool-15-thread-8] INFO de.hsmainz.iiwa.core.threads.ThreadPool - ThreadPoolJob finished, id: 1079351955
12:10:24.224 [pool-15-thread-8] INFO de.hsmainz.iiwa.core.threads.ThreadPool - ThreadPoolJob started, id: -281427020
12:10:24.227 [pool-15-thread-6] INFO de.hsmainz.iiwa.core.threads.ThreadPool - ThreadPoolJob finished, id: -208565402
12:10:24.227 [pool-15-thread-6] INFO de.hsmainz.iiwa.core.threads.ThreadPool - ThreadPoolJob started, id: 1737637457
12:10:24.239 [pool-15-thread-5] INFO de.hsmainz.iiwa.core.threads.ThreadPool - ThreadPoolJob finished, id: 700314363
12:10:24.239 [pool-15-thread-5] INFO de.hsmainz.iiwa.core.threads.ThreadPool - ThreadPoolJob started, id: -1632114238
12:10:24.341 [pool-15-thread-7] INFO de.hsmainz.iiwa.core.threads.ThreadPool - ThreadPoolJob finished, id: 213159794
12:10:24.341 [pool-15-thread-7] INFO de.hsmainz.iiwa.core.threads.ThreadPool - ThreadPoolJob started, id: 1879439262
12:10:24.355 [pool-15-thread-4] INFO de.hsmainz.iiwa.core.threads.ThreadPool - ThreadPoolJob finished, id: -1259554064
12:10:24.355 [pool-15-thread-4] INFO de.hsmainz.iiwa.core.threads.ThreadPool - ThreadPoolJob started, id: 976479572
12:10:24.359 [pool-15-thread-6] INFO de.hsmainz.iiwa.core.threads.ThreadPool - ThreadPoolJob finished, id: 1737637457
12:10:24.359 [pool-15-thread-6] INFO de.hsmainz.iiwa.core.threads.ThreadPool - ThreadPoolJob started, id: 1648797853
12:10:24.362 [pool-15-thread-8] INFO de.hsmainz.iiwa.core.threads.ThreadPool - ThreadPoolJob finished, id: -281427020
12:10:24.362 [pool-15-thread-8] INFO de.hsmainz.iiwa.core.threads.ThreadPool - ThreadPoolJob started, id: -113517233
12:10:24.362 [pool-15-thread-8] INFO de.hsmainz.iiwa.core.threads.ThreadPool - ThreadPoolJob finished, id: -113517233
12:10:24.364 [pool-15-thread-5] INFO de.hsmainz.iiwa.core.threads.ThreadPool - ThreadPoolJob finished, id: -1632114238
12:10:24.372 [pool-15-thread-2] INFO de.hsmainz.iiwa.core.threads.ThreadPool - ThreadPoolJob finished, id: -150442615
12:10:24.398 [pool-15-thread-3] INFO de.hsmainz.iiwa.core.threads.ThreadPool - ThreadPoolJob finished, id: 1784048195
12:10:24.462 [pool-15-thread-7] INFO de.hsmainz.iiwa.core.threads.ThreadPool - ThreadPoolJob finished, id: 1879439262
12:10:24.500 [pool-15-thread-4] INFO de.hsmainz.iiwa.core.threads.ThreadPool - ThreadPoolJob finished, id: 976479572
12:10:25.052 [pool-15-thread-1] INFO de.hsmainz.iiwa.core.threads.ThreadPool - ThreadPoolJob finished, id: 490592630
12:10:25.052 [pool-15-thread-6] INFO de.hsmainz.iiwa.core.threads.ThreadPool - ThreadPoolJob finished, id: 1648797853
12:10:25.054 [Test worker] DEBUG de.hsmainz.iiwa.core.threads.ThreadPool - New Thread registered, num: 38
12:10:25.055 [pool-16-thread-1] INFO de.hsmainz.iiwa.core.threads.ThreadPool - ThreadPoolJob started, id: 490592630
12:10:25.055 [pool-16-thread-4] INFO de.hsmainz.iiwa.core.threads.ThreadPool - ThreadPoolJob started, id: -2093614780
12:10:25.055 [pool-16-thread-2] INFO de.hsmainz.iiwa.core.threads.ThreadPool - ThreadPoolJob started, id: 1527038594
12:10:25.055 [pool-16-thread-3] INFO de.hsmainz.iiwa.core.threads.ThreadPool - ThreadPoolJob started, id: 256133458
hello there
12:10:25.055 [pool-16-thread-7] INFO de.hsmainz.iiwa.core.threads.ThreadPool - ThreadPoolJob started, id: 1809979965
12:10:25.055 [pool-16-thread-5] INFO de.hsmainz.iiwa.core.threads.ThreadPool - ThreadPoolJob started, id: 1600146692
12:10:25.055 [pool-16-thread-1] DEBUG de.hsmainz.iiwa.core.threads.ThreadPool - New Thread registered, num: 39
Hello! 
12:10:25.055 [pool-16-thread-4] INFO de.hsmainz.iiwa.core.threads.ThreadPool - ThreadPoolJob finished, id: -2093614780
12:10:25.055 [pool-16-thread-2] INFO de.hsmainz.iiwa.core.threads.ThreadPool - ThreadPoolJob finished, id: 1527038594
12:10:25.055 [pool-16-thread-6] INFO de.hsmainz.iiwa.core.threads.ThreadPool - ThreadPoolJob started, id: -208565402
12:10:25.055 [pool-16-thread-8] INFO de.hsmainz.iiwa.core.threads.ThreadPool - ThreadPoolJob started, id: 1079351955
12:10:25.055 [pool-16-thread-3] INFO de.hsmainz.iiwa.core.threads.ThreadPool - ThreadPoolJob finished, id: 256133458
12:10:25.055 [pool-16-thread-5] DEBUG de.hsmainz.iiwa.core.threads.ThreadPool - New Thread registered, num: 40
12:10:25.055 [pool-16-thread-4] INFO de.hsmainz.iiwa.core.threads.ThreadPool - ThreadPoolJob started, id: 1870098838
12:10:25.055 [pool-16-thread-2] INFO de.hsmainz.iiwa.core.threads.ThreadPool - ThreadPoolJob started, id: 1701591602
12:10:25.056 [pool-16-thread-3] INFO de.hsmainz.iiwa.core.threads.ThreadPool - ThreadPoolJob started, id: -1827685432
12:10:25.056 [pool-16-thread-5] INFO de.hsmainz.iiwa.core.threads.ThreadPool - ThreadPoolJob finished, id: 1600146692
12:10:25.056 [pool-16-thread-5] INFO de.hsmainz.iiwa.core.threads.ThreadPool - ThreadPoolJob started, id: 700314363
12:10:25.164 [pool-16-thread-3] INFO de.hsmainz.iiwa.core.threads.ThreadPool - ThreadPoolJob finished, id: -1827685432
12:10:25.165 [pool-16-thread-3] INFO de.hsmainz.iiwa.core.threads.ThreadPool - ThreadPoolJob started, id: -1259554064
12:10:25.184 [pool-16-thread-7] INFO de.hsmainz.iiwa.core.threads.ThreadPool - ThreadPoolJob finished, id: 1809979965
12:10:25.184 [pool-16-thread-7] INFO de.hsmainz.iiwa.core.threads.ThreadPool - ThreadPoolJob started, id: 213159794
12:10:25.215 [pool-16-thread-2] INFO de.hsmainz.iiwa.core.threads.ThreadPool - ThreadPoolJob finished, id: 1701591602
12:10:25.215 [pool-16-thread-2] INFO de.hsmainz.iiwa.core.threads.ThreadPool - ThreadPoolJob started, id: 1784048195
12:10:25.225 [pool-16-thread-4] INFO de.hsmainz.iiwa.core.threads.ThreadPool - ThreadPoolJob finished, id: 1870098838
12:10:25.225 [pool-16-thread-4] INFO de.hsmainz.iiwa.core.threads.ThreadPool - ThreadPoolJob started, id: -150442615
12:10:25.229 [pool-16-thread-8] INFO de.hsmainz.iiwa.core.threads.ThreadPool - ThreadPoolJob finished, id: 1079351955
12:10:25.229 [pool-16-thread-8] INFO de.hsmainz.iiwa.core.threads.ThreadPool - ThreadPoolJob started, id: -281427020
12:10:25.231 [pool-16-thread-6] INFO de.hsmainz.iiwa.core.threads.ThreadPool - ThreadPoolJob finished, id: -208565402
12:10:25.231 [pool-16-thread-6] INFO de.hsmainz.iiwa.core.threads.ThreadPool - ThreadPoolJob started, id: 1737637457
12:10:25.243 [pool-16-thread-5] INFO de.hsmainz.iiwa.core.threads.ThreadPool - ThreadPoolJob finished, id: 700314363
12:10:25.243 [pool-16-thread-5] INFO de.hsmainz.iiwa.core.threads.ThreadPool - ThreadPoolJob started, id: -1632114238
12:10:25.346 [pool-16-thread-7] INFO de.hsmainz.iiwa.core.threads.ThreadPool - ThreadPoolJob finished, id: 213159794
12:10:25.346 [pool-16-thread-7] INFO de.hsmainz.iiwa.core.threads.ThreadPool - ThreadPoolJob started, id: 1879439262
12:10:25.360 [pool-16-thread-3] INFO de.hsmainz.iiwa.core.threads.ThreadPool - ThreadPoolJob finished, id: -1259554064
12:10:25.360 [pool-16-thread-3] INFO de.hsmainz.iiwa.core.threads.ThreadPool - ThreadPoolJob started, id: 976479572
12:10:25.363 [pool-16-thread-6] INFO de.hsmainz.iiwa.core.threads.ThreadPool - ThreadPoolJob finished, id: 1737637457
12:10:25.363 [pool-16-thread-6] INFO de.hsmainz.iiwa.core.threads.ThreadPool - ThreadPoolJob started, id: 369784211
12:10:25.363 [pool-16-thread-6] INFO de.hsmainz.iiwa.core.threads.ThreadPool - ThreadPoolJob finished, id: 369784211
12:10:25.363 [pool-16-thread-6] INFO de.hsmainz.iiwa.core.threads.ThreadPool - ThreadPoolJob started, id: 1571205144
12:10:25.367 [pool-16-thread-8] INFO de.hsmainz.iiwa.core.threads.ThreadPool - ThreadPoolJob finished, id: -281427020
12:10:25.367 [pool-16-thread-5] INFO de.hsmainz.iiwa.core.threads.ThreadPool - ThreadPoolJob finished, id: -1632114238
12:10:25.367 [pool-16-thread-8] INFO de.hsmainz.iiwa.core.threads.ThreadPool - ThreadPoolJob started, id: 2063424647
12:10:25.367 [pool-16-thread-8] INFO de.hsmainz.iiwa.core.threads.ThreadPool - ThreadPoolJob finished, id: 2063424647
12:10:25.376 [pool-16-thread-4] INFO de.hsmainz.iiwa.core.threads.ThreadPool - ThreadPoolJob finished, id: -150442615
12:10:25.403 [pool-16-thread-2] INFO de.hsmainz.iiwa.core.threads.ThreadPool - ThreadPoolJob finished, id: 1784048195
12:10:25.467 [pool-16-thread-7] INFO de.hsmainz.iiwa.core.threads.ThreadPool - ThreadPoolJob finished, id: 1879439262
12:10:25.506 [pool-16-thread-3] INFO de.hsmainz.iiwa.core.threads.ThreadPool - ThreadPoolJob finished, id: 976479572
12:10:26.056 [pool-16-thread-6] INFO de.hsmainz.iiwa.core.threads.ThreadPool - ThreadPoolJob finished, id: 1571205144
12:10:26.056 [pool-16-thread-1] INFO de.hsmainz.iiwa.core.threads.ThreadPool - ThreadPoolJob finished, id: 490592630
12:10:26.058 [Test worker] DEBUG de.hsmainz.iiwa.core.threads.ThreadPool - New Thread registered, num: 41
12:10:26.059 [pool-17-thread-2] INFO de.hsmainz.iiwa.core.threads.ThreadPool - ThreadPoolJob started, id: 1527038594
12:10:26.059 [pool-17-thread-1] INFO de.hsmainz.iiwa.core.threads.ThreadPool - ThreadPoolJob started, id: 490592630
12:10:26.059 [pool-17-thread-3] INFO de.hsmainz.iiwa.core.threads.ThreadPool - ThreadPoolJob started, id: 256133458
12:10:26.059 [pool-17-thread-2] INFO de.hsmainz.iiwa.core.threads.ThreadPool - ThreadPoolJob finished, id: 1527038594
hello there
12:10:26.059 [pool-17-thread-5] INFO de.hsmainz.iiwa.core.threads.ThreadPool - ThreadPoolJob started, id: 1600146692
Hello! 
12:10:26.059 [pool-17-thread-4] INFO de.hsmainz.iiwa.core.threads.ThreadPool - ThreadPoolJob started, id: -2093614780
12:10:26.059 [pool-17-thread-8] INFO de.hsmainz.iiwa.core.threads.ThreadPool - ThreadPoolJob started, id: 1079351955
12:10:26.059 [pool-17-thread-6] INFO de.hsmainz.iiwa.core.threads.ThreadPool - ThreadPoolJob started, id: -208565402
12:10:26.059 [pool-17-thread-1] DEBUG de.hsmainz.iiwa.core.threads.ThreadPool - New Thread registered, num: 42
12:10:26.059 [pool-17-thread-7] INFO de.hsmainz.iiwa.core.threads.ThreadPool - ThreadPoolJob started, id: 1809979965
12:10:26.059 [pool-17-thread-3] INFO de.hsmainz.iiwa.core.threads.ThreadPool - ThreadPoolJob finished, id: 256133458
12:10:26.059 [pool-17-thread-2] INFO de.hsmainz.iiwa.core.threads.ThreadPool - ThreadPoolJob started, id: 1870098838
12:10:26.059 [pool-17-thread-4] INFO de.hsmainz.iiwa.core.threads.ThreadPool - ThreadPoolJob finished, id: -2093614780
12:10:26.059 [pool-17-thread-5] DEBUG de.hsmainz.iiwa.core.threads.ThreadPool - New Thread registered, num: 43
12:10:26.060 [pool-17-thread-3] INFO de.hsmainz.iiwa.core.threads.ThreadPool - ThreadPoolJob started, id: 1701591602
12:10:26.060 [pool-17-thread-4] INFO de.hsmainz.iiwa.core.threads.ThreadPool - ThreadPoolJob started, id: -1827685432
12:10:26.060 [pool-17-thread-5] INFO de.hsmainz.iiwa.core.threads.ThreadPool - ThreadPoolJob finished, id: 1600146692
12:10:26.060 [pool-17-thread-5] INFO de.hsmainz.iiwa.core.threads.ThreadPool - ThreadPoolJob started, id: 700314363
12:10:26.167 [pool-17-thread-4] INFO de.hsmainz.iiwa.core.threads.ThreadPool - ThreadPoolJob finished, id: -1827685432
12:10:26.167 [pool-17-thread-4] INFO de.hsmainz.iiwa.core.threads.ThreadPool - ThreadPoolJob started, id: -1259554064
12:10:26.188 [pool-17-thread-7] INFO de.hsmainz.iiwa.core.threads.ThreadPool - ThreadPoolJob finished, id: 1809979965
12:10:26.188 [pool-17-thread-7] INFO de.hsmainz.iiwa.core.threads.ThreadPool - ThreadPoolJob started, id: 213159794
12:10:26.218 [pool-17-thread-3] INFO de.hsmainz.iiwa.core.threads.ThreadPool - ThreadPoolJob finished, id: 1701591602
12:10:26.218 [pool-17-thread-3] INFO de.hsmainz.iiwa.core.threads.ThreadPool - ThreadPoolJob started, id: 1784048195
12:10:26.228 [pool-17-thread-2] INFO de.hsmainz.iiwa.core.threads.ThreadPool - ThreadPoolJob finished, id: 1870098838
12:10:26.228 [pool-17-thread-2] INFO de.hsmainz.iiwa.core.threads.ThreadPool - ThreadPoolJob started, id: -150442615
12:10:26.231 [pool-17-thread-8] INFO de.hsmainz.iiwa.core.threads.ThreadPool - ThreadPoolJob finished, id: 1079351955
12:10:26.231 [pool-17-thread-8] INFO de.hsmainz.iiwa.core.threads.ThreadPool - ThreadPoolJob started, id: -281427020
12:10:26.234 [pool-17-thread-6] INFO de.hsmainz.iiwa.core.threads.ThreadPool - ThreadPoolJob finished, id: -208565402
12:10:26.234 [pool-17-thread-6] INFO de.hsmainz.iiwa.core.threads.ThreadPool - ThreadPoolJob started, id: 1737637457
12:10:26.246 [pool-17-thread-5] INFO de.hsmainz.iiwa.core.threads.ThreadPool - ThreadPoolJob finished, id: 700314363
12:10:26.246 [pool-17-thread-5] INFO de.hsmainz.iiwa.core.threads.ThreadPool - ThreadPoolJob started, id: -1632114238
12:10:26.349 [pool-17-thread-7] INFO de.hsmainz.iiwa.core.threads.ThreadPool - ThreadPoolJob finished, id: 213159794
12:10:26.349 [pool-17-thread-7] INFO de.hsmainz.iiwa.core.threads.ThreadPool - ThreadPoolJob started, id: 1879439262
12:10:26.363 [pool-17-thread-4] INFO de.hsmainz.iiwa.core.threads.ThreadPool - ThreadPoolJob finished, id: -1259554064
12:10:26.363 [pool-17-thread-4] INFO de.hsmainz.iiwa.core.threads.ThreadPool - ThreadPoolJob started, id: 976479572
12:10:26.367 [pool-17-thread-6] INFO de.hsmainz.iiwa.core.threads.ThreadPool - ThreadPoolJob finished, id: 1737637457
12:10:26.367 [pool-17-thread-6] INFO de.hsmainz.iiwa.core.threads.ThreadPool - ThreadPoolJob started, id: 369784211
12:10:26.367 [pool-17-thread-6] INFO de.hsmainz.iiwa.core.threads.ThreadPool - ThreadPoolJob finished, id: 369784211
12:10:26.367 [pool-17-thread-6] INFO de.hsmainz.iiwa.core.threads.ThreadPool - ThreadPoolJob started, id: -1086497140
12:10:26.370 [pool-17-thread-8] INFO de.hsmainz.iiwa.core.threads.ThreadPool - ThreadPoolJob finished, id: -281427020
12:10:26.370 [pool-17-thread-8] INFO de.hsmainz.iiwa.core.threads.ThreadPool - ThreadPoolJob started, id: -425503210
12:10:26.371 [pool-17-thread-5] INFO de.hsmainz.iiwa.core.threads.ThreadPool - ThreadPoolJob finished, id: -1632114238
12:10:26.371 [pool-17-thread-5] INFO de.hsmainz.iiwa.core.threads.ThreadPool - ThreadPoolJob started, id: -136254981
12:10:26.371 [pool-17-thread-5] INFO de.hsmainz.iiwa.core.threads.ThreadPool - ThreadPoolJob finished, id: -136254981
12:10:26.380 [pool-17-thread-2] INFO de.hsmainz.iiwa.core.threads.ThreadPool - ThreadPoolJob finished, id: -150442615
12:10:26.406 [pool-17-thread-3] INFO de.hsmainz.iiwa.core.threads.ThreadPool - ThreadPoolJob finished, id: 1784048195
12:10:26.467 [pool-17-thread-6] INFO de.hsmainz.iiwa.core.threads.ThreadPool - ThreadPoolJob finished, id: -1086497140
12:10:26.469 [pool-17-thread-7] INFO de.hsmainz.iiwa.core.threads.ThreadPool - ThreadPoolJob finished, id: 1879439262
12:10:26.508 [pool-17-thread-4] INFO de.hsmainz.iiwa.core.threads.ThreadPool - ThreadPoolJob finished, id: 976479572
12:10:27.061 [pool-17-thread-1] INFO de.hsmainz.iiwa.core.threads.ThreadPool - ThreadPoolJob finished, id: 490592630
12:10:27.061 [pool-17-thread-8] INFO de.hsmainz.iiwa.core.threads.ThreadPool - ThreadPoolJob finished, id: -425503210
]]></system-out>
  <system-err><![CDATA[]]></system-err>
</testsuite>
